
> Configure project :
Build was configured to prefer settings repositories over project repositories but repository 'MavenRepo' was added by build file 'build.gradle.kts'
Build was configured to prefer settings repositories over project repositories but repository 'MavenLocal' was added by build file 'build.gradle.kts'

> Task :AutofferModelsRequests:compileKotlin UP-TO-DATE
> Task :AutofferModelsRequests:compileJava NO-SOURCE
> Task :AutofferModelsRequests:processResources NO-SOURCE
> Task :AutofferModelsRequests:classes UP-TO-DATE
> Task :AutofferModelsRequests:jar UP-TO-DATE
> Task :gateway:compileKotlin UP-TO-DATE
> Task :gateway:compileJava NO-SOURCE
> Task :gateway:processResources UP-TO-DATE
> Task :gateway:classes UP-TO-DATE
> Task :gateway:resolveMainClassName UP-TO-DATE

> Task :gateway:bootRun FAILED

  .   ____          _            __ _ _
 /\\ / ___'_ __ _ _(_)_ __  __ _ \ \ \ \
( ( )\___ | '_ | '_| | '_ \/ _` | \ \ \ \
 \\/  ___)| |_)| | | | | || (_| |  ) ) ) )
  '  |____| .__|_| |_|_| |_\__, | / / / /
 =========|_|==============|___/=/_/_/_/
[32m :: Spring Boot :: [39m              [2m (v3.2.2)[0;39m

[2m2025-09-05T17:25:05.821+03:00[0;39m [32m INFO[0;39m [35m76659[0;39m [2m---[0;39m [2m[           main][0;39m [2m[0;39m[36mgateway.AutofferGatewayApplicationKt    [0;39m [2m:[0;39m Starting AutofferGatewayApplicationKt using Java 17.0.13 with PID 76659 (/Users/roeihakmon/Library/Mobile Documents/com~apple~CloudDocs/RoeiPersonal/BscSE/messaging-server/gateway/build/classes/kotlin/main started by roeihakmon in /Users/roeihakmon/Library/Mobile Documents/com~apple~CloudDocs/RoeiPersonal/BscSE/messaging-server/gateway)
[2m2025-09-05T17:25:05.823+03:00[0;39m [32m INFO[0;39m [35m76659[0;39m [2m---[0;39m [2m[           main][0;39m [2m[0;39m[36mgateway.AutofferGatewayApplicationKt    [0;39m [2m:[0;39m The following 1 profile is active: "dev"
[2m2025-09-05T17:25:06.517+03:00[0;39m [33m WARN[0;39m [35m76659[0;39m [2m---[0;39m [2m[           main][0;39m [2m[0;39m[36monfigReactiveWebServerApplicationContext[0;39m [2m:[0;39m Exception encountered during context initialization - cancelling refresh attempt: org.springframework.beans.factory.BeanCreationException: Error creating bean with name 'RSocketClientConfig' defined in file [/Users/roeihakmon/Library/Mobile Documents/com~apple~CloudDocs/RoeiPersonal/BscSE/messaging-server/gateway/build/classes/kotlin/main/gateway/config/RSocketClientConfig.class]: Unexpected exception during bean creation
[2m2025-09-05T17:25:06.531+03:00[0;39m [32m INFO[0;39m [35m76659[0;39m [2m---[0;39m [2m[           main][0;39m [2m[0;39m[36m.s.b.a.l.ConditionEvaluationReportLogger[0;39m [2m:[0;39m 

Error starting ApplicationContext. To display the condition evaluation report re-run your application with 'debug' enabled.
[2m2025-09-05T17:25:06.553+03:00[0;39m [31mERROR[0;39m [35m76659[0;39m [2m---[0;39m [2m[           main][0;39m [2m[0;39m[36mo.s.boot.SpringApplication              [0;39m [2m:[0;39m Application run failed

org.springframework.beans.factory.BeanCreationException: Error creating bean with name 'RSocketClientConfig' defined in file [/Users/roeihakmon/Library/Mobile Documents/com~apple~CloudDocs/RoeiPersonal/BscSE/messaging-server/gateway/build/classes/kotlin/main/gateway/config/RSocketClientConfig.class]: Unexpected exception during bean creation
	at org.springframework.beans.factory.support.AbstractAutowireCapableBeanFactory.createBean(AbstractAutowireCapableBeanFactory.java:534) ~[spring-beans-6.1.3.jar:6.1.3]
	at org.springframework.beans.factory.support.AbstractBeanFactory.lambda$doGetBean$0(AbstractBeanFactory.java:325) ~[spring-beans-6.1.3.jar:6.1.3]
	at org.springframework.beans.factory.support.DefaultSingletonBeanRegistry.getSingleton(DefaultSingletonBeanRegistry.java:234) ~[spring-beans-6.1.3.jar:6.1.3]
	at org.springframework.beans.factory.support.AbstractBeanFactory.doGetBean(AbstractBeanFactory.java:323) ~[spring-beans-6.1.3.jar:6.1.3]
	at org.springframework.beans.factory.support.AbstractBeanFactory.getBean(AbstractBeanFactory.java:199) ~[spring-beans-6.1.3.jar:6.1.3]
	at org.springframework.beans.factory.support.DefaultListableBeanFactory.preInstantiateSingletons(DefaultListableBeanFactory.java:975) ~[spring-beans-6.1.3.jar:6.1.3]
	at org.springframework.context.support.AbstractApplicationContext.finishBeanFactoryInitialization(AbstractApplicationContext.java:959) ~[spring-context-6.1.3.jar:6.1.3]
	at org.springframework.context.support.AbstractApplicationContext.refresh(AbstractApplicationContext.java:624) ~[spring-context-6.1.3.jar:6.1.3]
	at org.springframework.boot.web.reactive.context.ReactiveWebServerApplicationContext.refresh(ReactiveWebServerApplicationContext.java:66) ~[spring-boot-3.2.2.jar:3.2.2]
	at org.springframework.boot.SpringApplication.refresh(SpringApplication.java:754) ~[spring-boot-3.2.2.jar:3.2.2]
	at org.springframework.boot.SpringApplication.refreshContext(SpringApplication.java:456) ~[spring-boot-3.2.2.jar:3.2.2]
	at org.springframework.boot.SpringApplication.run(SpringApplication.java:334) ~[spring-boot-3.2.2.jar:3.2.2]
	at org.springframework.boot.SpringApplication.run(SpringApplication.java:1354) ~[spring-boot-3.2.2.jar:3.2.2]
	at org.springframework.boot.SpringApplication.run(SpringApplication.java:1343) ~[spring-boot-3.2.2.jar:3.2.2]
	at gateway.AutofferGatewayApplicationKt.main(AutofferGatewayApplication.kt:13) ~[main/:na]
Caused by: java.lang.IllegalArgumentException: Could not resolve placeholder 'app.messaging.rsocket.host' in value "${app.messaging.rsocket.host}"
	at org.springframework.util.PropertyPlaceholderHelper.parseStringValue(PropertyPlaceholderHelper.java:180) ~[spring-core-6.1.3.jar:6.1.3]
	at org.springframework.util.PropertyPlaceholderHelper.replacePlaceholders(PropertyPlaceholderHelper.java:126) ~[spring-core-6.1.3.jar:6.1.3]
	at org.springframework.core.env.AbstractPropertyResolver.doResolvePlaceholders(AbstractPropertyResolver.java:239) ~[spring-core-6.1.3.jar:6.1.3]
	at org.springframework.core.env.AbstractPropertyResolver.resolveRequiredPlaceholders(AbstractPropertyResolver.java:210) ~[spring-core-6.1.3.jar:6.1.3]
	at org.springframework.context.support.PropertySourcesPlaceholderConfigurer.lambda$processProperties$0(PropertySourcesPlaceholderConfigurer.java:200) ~[spring-context-6.1.3.jar:6.1.3]
	at org.springframework.beans.factory.support.AbstractBeanFactory.resolveEmbeddedValue(AbstractBeanFactory.java:921) ~[spring-beans-6.1.3.jar:6.1.3]
	at org.springframework.beans.factory.support.DefaultListableBeanFactory.doResolveDependency(DefaultListableBeanFactory.java:1374) ~[spring-beans-6.1.3.jar:6.1.3]
	at org.springframework.beans.factory.support.DefaultListableBeanFactory.resolveDependency(DefaultListableBeanFactory.java:1353) ~[spring-beans-6.1.3.jar:6.1.3]
	at org.springframework.beans.factory.support.ConstructorResolver.resolveAutowiredArgument(ConstructorResolver.java:907) ~[spring-beans-6.1.3.jar:6.1.3]
	at org.springframework.beans.factory.support.ConstructorResolver.createArgumentArray(ConstructorResolver.java:785) ~[spring-beans-6.1.3.jar:6.1.3]
	at org.springframework.beans.factory.support.ConstructorResolver.autowireConstructor(ConstructorResolver.java:237) ~[spring-beans-6.1.3.jar:6.1.3]
	at org.springframework.beans.factory.support.AbstractAutowireCapableBeanFactory.autowireConstructor(AbstractAutowireCapableBeanFactory.java:1354) ~[spring-beans-6.1.3.jar:6.1.3]
	at org.springframework.beans.factory.support.AbstractAutowireCapableBeanFactory.createBeanInstance(AbstractAutowireCapableBeanFactory.java:1191) ~[spring-beans-6.1.3.jar:6.1.3]
	at org.springframework.beans.factory.support.AbstractAutowireCapableBeanFactory.doCreateBean(AbstractAutowireCapableBeanFactory.java:561) ~[spring-beans-6.1.3.jar:6.1.3]
	at org.springframework.beans.factory.support.AbstractAutowireCapableBeanFactory.createBean(AbstractAutowireCapableBeanFactory.java:521) ~[spring-beans-6.1.3.jar:6.1.3]
	... 14 common frames omitted


[Incubating] Problems report is available at: file:///Users/roeihakmon/Library/Mobile%20Documents/com~apple~CloudDocs/RoeiPersonal/BscSE/messaging-server/build/reports/problems/problems-report.html

FAILURE: Build failed with an exception.

* What went wrong:
Execution failed for task ':gateway:bootRun'.
> Process 'command '/Users/roeihakmon/.gradle/jdks/eclipse_adoptium-17-aarch64-os_x.2/jdk-17.0.13+11/Contents/Home/bin/java'' finished with non-zero exit value 1

* Try:
> Run with --stacktrace option to get the stack trace.
> Run with --info or --debug option to get more log output.
> Run with --scan to get full insights.
> Get more help at https://help.gradle.org.

Deprecated Gradle features were used in this build, making it incompatible with Gradle 9.0.

You can use '--warning-mode all' to show the individual deprecation warnings and determine if they come from your own scripts or plugins.

For more on this, please refer to https://docs.gradle.org/8.12.1/userguide/command_line_interface.html#sec:command_line_warnings in the Gradle documentation.

BUILD FAILED in 3s
6 actionable tasks: 1 executed, 5 up-to-date
